<?xml version="1.0" encoding="UTF-8"?>
<testng-results ignored="0" total="2" passed="2" failed="0" skipped="0">
  <reporter-output>
  </reporter-output>
  <suite started-at="2023-09-14T19:20:36Z" name="QATechTesting Test Suite" finished-at="2023-09-14T19:24:46Z" duration-ms="249838">
    <groups>
      <group name="cucumber">
        <method signature="AbstractTestNGCucumberTests.runScenario(io.cucumber.testng.PickleEventWrapper, io.cucumber.testng.CucumberFeatureWrapper)[pri:0, instance:runner.HomePageRunner@71c3b41]" name="runScenario" class="io.cucumber.testng.AbstractTestNGCucumberTests"/>
        <method signature="AbstractTestNGCucumberTests.runScenario(io.cucumber.testng.PickleEventWrapper, io.cucumber.testng.CucumberFeatureWrapper)[pri:0, instance:runner.HomePageRunner@52102734]" name="runScenario" class="io.cucumber.testng.AbstractTestNGCucumberTests"/>
      </group> <!-- cucumber -->
    </groups>
    <test started-at="2023-09-14T19:20:36Z" name="Add iphone 13 to BestBuy add to cart" finished-at="2023-09-14T19:21:42Z" duration-ms="66060">
      <class name="runner.HomePageRunner">
        <test-method is-config="true" signature="setUpClass()[pri:0, instance:runner.HomePageRunner@71c3b41]" started-at="2023-09-14T19:20:36Z" name="setUpClass" finished-at="2023-09-14T19:20:36Z" duration-ms="406" status="PASS">
          <reporter-output>
          </reporter-output>
        </test-method> <!-- setUpClass -->
        <test-method is-config="true" signature="before(java.lang.String)[pri:0, instance:runner.HomePageRunner@71c3b41]" started-at="2023-09-14T19:20:36Z" name="before" finished-at="2023-09-14T19:20:36Z" duration-ms="6" status="PASS">
          <params>
            <param index="0">
              <value>
                <![CDATA[iPhone13]]>
              </value>
            </param>
          </params>
          <reporter-output>
          </reporter-output>
        </test-method> <!-- before -->
        <test-method signature="runScenario(io.cucumber.testng.PickleEventWrapper, io.cucumber.testng.CucumberFeatureWrapper)[pri:0, instance:runner.HomePageRunner@71c3b41]" started-at="2023-09-14T19:20:36Z" name="runScenario" description="Runs Cucumber Scenarios" data-provider="scenarios" finished-at="2023-09-14T19:21:42Z" duration-ms="65082" status="PASS">
          <params>
            <param index="0">
              <value>
                <![CDATA["Add iPhone to Cart"]]>
              </value>
            </param>
            <param index="1">
              <value>
                <![CDATA["BestBuy Add to Cart Verification"]]>
              </value>
            </param>
          </params>
          <reporter-output>
          </reporter-output>
        </test-method> <!-- runScenario -->
        <test-method is-config="true" signature="after()[pri:0, instance:runner.HomePageRunner@71c3b41]" started-at="2023-09-14T19:21:42Z" name="after" finished-at="2023-09-14T19:21:42Z" duration-ms="5" status="PASS">
          <reporter-output>
          </reporter-output>
        </test-method> <!-- after -->
        <test-method is-config="true" signature="tearDownClass()[pri:0, instance:runner.HomePageRunner@71c3b41]" started-at="2023-09-14T19:21:42Z" name="tearDownClass" finished-at="2023-09-14T19:21:42Z" duration-ms="253" status="PASS">
          <reporter-output>
          </reporter-output>
        </test-method> <!-- tearDownClass -->
      </class> <!-- runner.HomePageRunner -->
    </test> <!-- Add iphone 13 to BestBuy add to cart -->
    <test started-at="2023-09-14T19:21:42Z" name="Add iphone 12 to BestBuy add to cart" finished-at="2023-09-14T19:24:46Z" duration-ms="183726">
      <class name="runner.HomePageRunner">
        <test-method is-config="true" signature="setUpClass()[pri:0, instance:runner.HomePageRunner@52102734]" started-at="2023-09-14T19:21:42Z" name="setUpClass" finished-at="2023-09-14T19:21:42Z" duration-ms="11" status="PASS">
          <reporter-output>
          </reporter-output>
        </test-method> <!-- setUpClass -->
        <test-method is-config="true" signature="before(java.lang.String)[pri:0, instance:runner.HomePageRunner@52102734]" started-at="2023-09-14T19:21:42Z" name="before" finished-at="2023-09-14T19:21:42Z" duration-ms="0" status="PASS">
          <params>
            <param index="0">
              <value>
                <![CDATA[iPhone12]]>
              </value>
            </param>
          </params>
          <reporter-output>
          </reporter-output>
        </test-method> <!-- before -->
        <test-method signature="runScenario(io.cucumber.testng.PickleEventWrapper, io.cucumber.testng.CucumberFeatureWrapper)[pri:0, instance:runner.HomePageRunner@52102734]" started-at="2023-09-14T19:21:42Z" name="runScenario" description="Runs Cucumber Scenarios" data-provider="scenarios" finished-at="2023-09-14T19:24:46Z" duration-ms="183637" status="PASS">
          <params>
            <param index="0">
              <value>
                <![CDATA["Add iPhone to Cart"]]>
              </value>
            </param>
            <param index="1">
              <value>
                <![CDATA["BestBuy Add to Cart Verification"]]>
              </value>
            </param>
          </params>
          <reporter-output>
          </reporter-output>
        </test-method> <!-- runScenario -->
        <test-method is-config="true" signature="after()[pri:0, instance:runner.HomePageRunner@52102734]" started-at="2023-09-14T19:24:46Z" name="after" finished-at="2023-09-14T19:24:46Z" duration-ms="3" status="PASS">
          <reporter-output>
          </reporter-output>
        </test-method> <!-- after -->
        <test-method is-config="true" signature="tearDownClass()[pri:0, instance:runner.HomePageRunner@52102734]" started-at="2023-09-14T19:24:46Z" name="tearDownClass" finished-at="2023-09-14T19:24:46Z" duration-ms="55" status="PASS">
          <reporter-output>
          </reporter-output>
        </test-method> <!-- tearDownClass -->
      </class> <!-- runner.HomePageRunner -->
    </test> <!-- Add iphone 12 to BestBuy add to cart -->
  </suite> <!-- QATechTesting Test Suite -->
</testng-results>
